<?xml version="1.0" encoding="UTF-8"?>
<!-- Generated by org.testng.reporters.JUnitXMLReporter -->
<testsuite ignored="0" hostname="Animesh" failures="1" tests="5" name="Test" time="103.074" errors="0" timestamp="2024-10-20T21:53:21 IST">
  <testcase classname="testCases.TC003_LoginTestDDT" name="verify_login_ddt" time="1.8">
    <failure type="java.lang.AssertionError" message="The following asserts failed:
	expected [true] but found [false]">
      <![CDATA[java.lang.AssertionError: The following asserts failed:
expected [true] but found [false]
at testCases.TC003_LoginTestDDT.verify_login_ddt(TC003_LoginTestDDT.java:43)
at java.base/java.util.ArrayList.forEach(ArrayList.java:1511)
... Removed 29 stack frames]]>
    </failure>
  </testcase> <!-- verify_login_ddt -->
  <testcase classname="testCases.TC003_LoginTestDDT" name="verify_login_ddt" time="31.474"/>
  <testcase classname="testCases.TC003_LoginTestDDT" name="verify_login_ddt" time="2.105"/>
  <testcase classname="testCases.TC003_LoginTestDDT" name="verify_login_ddt" time="31.501"/>
  <testcase classname="testCases.TC003_LoginTestDDT" name="verify_login_ddt" time="31.822"/>
</testsuite> <!-- Test -->
