<?xml version="1.0" encoding="UTF-8"?>
<!-- Generated by org.testng.reporters.JUnitXMLReporter -->
<testsuite ignored="0" hostname="Animesh" failures="1" tests="8" name="Test" time="56.543" errors="0" timestamp="2024-11-08T04:19:04 IST">
  <testcase classname="testCases.TC001_AccountRegristrationTest" name="verify_account_registration" time="1.831"/>
  <testcase classname="testCases.TC002_LoginTest" name="verify_login" time="1.759"/>
  <testcase classname="testCases.TC_RF_002" name="verify_mandatory_fields_err" time="1.408"/>
  <testcase classname="testCases.TC_SF_009" name="verify_sort_button" time="0.958"/>
  <testcase classname="testCases.TC_SF_006" name="verify_search_by_category" time="0.964">
    <failure type="java.lang.AssertionError" message="expected [true] but found [false]">
      <![CDATA[java.lang.AssertionError: expected [true] but found [false]
at testCases.TC_SF_006.verify_search_by_category(TC_SF_006.java:24)
at java.base/java.util.ArrayList.forEach(ArrayList.java:1511)
... Removed 31 stack frames]]>
    </failure>
  </testcase> <!-- verify_search_by_category -->
  <testcase classname="testCases.TC_SF_006" name="verify_search_by_category" time="20.775"/>
  <testcase classname="testCases.TC_SF_008" name="verify_navigating_to_productCompare_from_search" time="0.969"/>
  <testcase classname="testCases.TC_PC_003" name="verify_navigating_to_product_compare_page_from_search_results" time="1.003"/>
</testsuite> <!-- Test -->
